<?xml version="1.0" encoding="UTF-8"?>
<testng-results skipped="0" failed="0" ignored="0" total="1" passed="1">
  <reporter-output>
  </reporter-output>
  <suite name="Default suite" duration-ms="3085" started-at="2020-03-20T01:15:50 IST" finished-at="2020-03-20T01:15:53 IST">
    <groups>
    </groups>
    <test name="Default test" duration-ms="3085" started-at="2020-03-20T01:15:50 IST" finished-at="2020-03-20T01:15:53 IST">
      <class name="scripts.RestAssured1.User_GET_Authentication">
        <test-method status="PASS" signature="Autherzie()[pri:0, instance:scripts.RestAssured1.User_GET_Authentication@396f6598]" name="Autherzie" duration-ms="3032" started-at="2020-03-20T01:15:50 IST" finished-at="2020-03-20T01:15:53 IST">
          <reporter-output>
          </reporter-output>
        </test-method> <!-- Autherzie -->
      </class> <!-- scripts.RestAssured1.User_GET_Authentication -->
    </test> <!-- Default test -->
  </suite> <!-- Default suite -->
</testng-results>
